e:\gameloft\programming_anim\programming_anim\trainingframework\debug-angle\vc140.pdb
e:\gameloft\programming_anim\programming_anim\trainingframework\debug-angle\vc140.idb
e:\gameloft\programming_anim\programming_anim\trainingframework\debug-angle\gssetting.obj
e:\gameloft\programming_anim\programming_anim\trainingframework\debug-angle\application.obj
e:\gameloft\programming_anim\programming_anim\trainingframework\debug-angle\resourcemanagers.obj
e:\gameloft\programming_anim\programming_anim\trainingframework\debug-angle\font.obj
e:\gameloft\programming_anim\programming_anim\trainingframework\debug-angle\gamebutton.obj
e:\gameloft\programming_anim\programming_anim\trainingframework\debug-angle\sprite2d.obj
e:\gameloft\programming_anim\programming_anim\trainingframework\debug-angle\camera.obj
e:\gameloft\programming_anim\programming_anim\trainingframework\debug-angle\sprite3d.obj
e:\gameloft\programming_anim\programming_anim\trainingframework\debug-angle\models.obj
e:\gameloft\programming_anim\programming_anim\trainingframework\debug-angle\shaders.obj
e:\gameloft\programming_anim\programming_anim\trainingframework\debug-angle\spriteanimation.obj
e:\gameloft\programming_anim\programming_anim\trainingframework\debug-angle\text.obj
e:\gameloft\programming_anim\programming_anim\trainingframework\debug-angle\texture.obj
e:\gameloft\programming_anim\programming_anim\trainingframework\debug-angle\gamestatemachine.obj
e:\gameloft\programming_anim\programming_anim\trainingframework\debug-angle\gsintro.obj
e:\gameloft\programming_anim\programming_anim\trainingframework\debug-angle\gsmenu.obj
e:\gameloft\programming_anim\programming_anim\trainingframework\debug-angle\gsplay.obj
e:\gameloft\programming_anim\programming_anim\trainingframework\debug-angle\trainingframework.obj
e:\gameloft\programming_anim\programming_anim\trainingframework\debug-angle\training.fc024ec8.tlog\cl.command.1.tlog
e:\gameloft\programming_anim\programming_anim\trainingframework\debug-angle\training.fc024ec8.tlog\cl.read.1.tlog
e:\gameloft\programming_anim\programming_anim\trainingframework\debug-angle\training.fc024ec8.tlog\cl.write.1.tlog
