e:\gameloft\programming_anim\programming_anim\freetype\objs\vc2010\x64\release multithreaded\ftpfr.obj
e:\gameloft\programming_anim\programming_anim\freetype\objs\vc2010\x64\release multithreaded\ftlcdfil.obj
e:\gameloft\programming_anim\programming_anim\freetype\objs\vc2010\x64\release multithreaded\autofit.obj
e:\gameloft\programming_anim\programming_anim\freetype\objs\vc2010\x64\release multithreaded\ftsynth.obj
e:\gameloft\programming_anim\programming_anim\freetype\objs\vc2010\x64\release multithreaded\ftgxval.obj
e:\gameloft\programming_anim\programming_anim\freetype\objs\vc2010\x64\release multithreaded\ftfstype.obj
e:\gameloft\programming_anim\programming_anim\freetype\objs\vc2010\x64\release multithreaded\fttype1.obj
e:\gameloft\programming_anim\programming_anim\freetype\objs\vc2010\x64\release multithreaded\ftpatent.obj
e:\gameloft\programming_anim\programming_anim\freetype\objs\vc2010\x64\release multithreaded\ftbbox.obj
e:\gameloft\programming_anim\programming_anim\freetype\objs\vc2010\x64\release multithreaded\ftwinfnt.obj
e:\gameloft\programming_anim\programming_anim\freetype\objs\vc2010\x64\release multithreaded\ftstroke.obj
e:\gameloft\programming_anim\programming_anim\freetype\objs\vc2010\x64\release multithreaded\ftgasp.obj
e:\gameloft\programming_anim\programming_anim\freetype\objs\vc2010\x64\release multithreaded\ftxf86.obj
e:\gameloft\programming_anim\programming_anim\freetype\objs\vc2010\x64\release multithreaded\ftbitmap.obj
e:\gameloft\programming_anim\programming_anim\freetype\objs\vc2010\x64\release multithreaded\ftotval.obj
e:\gameloft\programming_anim\programming_anim\freetype\objs\vc2010\x64\release multithreaded\ftbase.obj
e:\gameloft\programming_anim\programming_anim\freetype\objs\vc2010\x64\release multithreaded\sfnt.obj
e:\gameloft\programming_anim\programming_anim\freetype\objs\vc2010\x64\release multithreaded\ftglyph.obj
e:\gameloft\programming_anim\programming_anim\freetype\objs\vc2010\x64\release multithreaded\smooth.obj
e:\gameloft\programming_anim\programming_anim\freetype\objs\vc2010\x64\release multithreaded\pshinter.obj
e:\gameloft\programming_anim\programming_anim\freetype\objs\vc2010\x64\release multithreaded\type1cid.obj
e:\gameloft\programming_anim\programming_anim\freetype\objs\vc2010\x64\release multithreaded\ftcache.obj
e:\gameloft\programming_anim\programming_anim\freetype\objs\vc2010\x64\release multithreaded\ftmm.obj
e:\gameloft\programming_anim\programming_anim\freetype\objs\vc2010\x64\release multithreaded\psaux.obj
e:\gameloft\programming_anim\programming_anim\freetype\objs\vc2010\x64\release multithreaded\winfnt.obj
e:\gameloft\programming_anim\programming_anim\freetype\objs\vc2010\x64\release multithreaded\ftinit.obj
e:\gameloft\programming_anim\programming_anim\freetype\objs\vc2010\x64\release multithreaded\ftsystem.obj
e:\gameloft\programming_anim\programming_anim\freetype\objs\vc2010\x64\release multithreaded\raster.obj
e:\gameloft\programming_anim\programming_anim\freetype\objs\vc2010\x64\release multithreaded\cff.obj
e:\gameloft\programming_anim\programming_anim\freetype\objs\vc2010\x64\release multithreaded\type42.obj
e:\gameloft\programming_anim\programming_anim\freetype\objs\vc2010\x64\release multithreaded\bdf.obj
e:\gameloft\programming_anim\programming_anim\freetype\objs\vc2010\x64\release multithreaded\pfr.obj
e:\gameloft\programming_anim\programming_anim\freetype\objs\vc2010\x64\release multithreaded\truetype.obj
e:\gameloft\programming_anim\programming_anim\freetype\objs\vc2010\x64\release multithreaded\ftlzw.obj
e:\gameloft\programming_anim\programming_anim\freetype\objs\vc2010\x64\release multithreaded\pcf.obj
e:\gameloft\programming_anim\programming_anim\freetype\objs\vc2010\x64\release multithreaded\type1.obj
e:\gameloft\programming_anim\programming_anim\freetype\objs\vc2010\x64\release multithreaded\ftgzip.obj
e:\gameloft\programming_anim\programming_anim\freetype\objs\vc2010\x64\release multithreaded\psmodule.obj
e:\gameloft\programming_anim\programming_anim\freetype\objs\vc2010\x64\release multithreaded\ftdebug.obj
e:\gameloft\programming_anim\programming_anim\freetype\objs\vc2010\x64\freetype254mt.lib
e:\gameloft\programming_anim\programming_anim\freetype\builds\windows\vc2019\.\..\..\..\objs\vc2010\x64\freetype254mt.lib
e:\gameloft\programming_anim\programming_anim\freetype\objs\vc2010\x64\release multithreaded\freetype.tlog\cl.command.1.tlog
e:\gameloft\programming_anim\programming_anim\freetype\objs\vc2010\x64\release multithreaded\freetype.tlog\cl.read.1.tlog
e:\gameloft\programming_anim\programming_anim\freetype\objs\vc2010\x64\release multithreaded\freetype.tlog\cl.write.1.tlog
e:\gameloft\programming_anim\programming_anim\freetype\objs\vc2010\x64\release multithreaded\freetype.tlog\lib-link.read.1.tlog
e:\gameloft\programming_anim\programming_anim\freetype\objs\vc2010\x64\release multithreaded\freetype.tlog\lib-link.write.1.tlog
e:\gameloft\programming_anim\programming_anim\freetype\objs\vc2010\x64\release multithreaded\freetype.tlog\lib.command.1.tlog
