  autofit.c
  bdf.c
  cff.c
  ftbase.c
  ftbitmap.c
  ftcache.c
  ftfstype.c
  ftgasp.c
..\..\..\src\base\ftbitmap.c(20): error C2006: '#include': expected a filename, found 'identifier'
..\..\..\src\base\ftbitmap.c(20): fatal error C1083: Cannot open include file: '': No such file or directory
  ftglyph.c
..\..\..\src\base\ftglyph.c(32): error C2006: '#include': expected a filename, found 'identifier'
..\..\..\src\base\ftglyph.c(32): fatal error C1083: Cannot open include file: '': No such file or directory
  ftgzip.c
..\..\..\src\gzip\ftgzip.c(24): error C2006: '#include': expected a filename, found 'identifier'
..\..\..\src\gzip\ftgzip.c(24): fatal error C1083: Cannot open include file: '': No such file or directory
  ftinit.c
..\..\..\src\base\ftgasp.c(21): error C2006: '#include': expected a filename, found 'identifier'
e:\gameloft\programming_anim\programming_anim\freetype\src\bdf\bdflib.c(37): error C2006: '#include': expected a filename, found 'identifier' (compiling source file ..\..\..\src\bdf\bdf.c)
e:\gameloft\programming_anim\programming_anim\freetype\src\base\ftpic.c(21): error C2006: '#include': expected a filename, found 'identifier' (compiling source file ..\..\..\src\base\ftbase.c)
..\..\..\src\base\ftgasp.c(21): fatal error C1083: Cannot open include file: '': No such file or directory
e:\gameloft\programming_anim\programming_anim\freetype\src\autofit\afpic.c(21): error C2006: '#include': expected a filename, found 'identifier' (compiling source file ..\..\..\src\autofit\autofit.c)
e:\gameloft\programming_anim\programming_anim\freetype\src\cff\cffpic.c(21): error C2006: '#include': expected a filename, found 'identifier' (compiling source file ..\..\..\src\cff\cff.c)
e:\gameloft\programming_anim\programming_anim\freetype\src\bdf\bdflib.c(37): fatal error C1083: Cannot open include file: '': No such file or directory (compiling source file ..\..\..\src\bdf\bdf.c)
e:\gameloft\programming_anim\programming_anim\freetype\src\base\ftpic.c(21): fatal error C1083: Cannot open include file: '': No such file or directory (compiling source file ..\..\..\src\base\ftbase.c)
e:\gameloft\programming_anim\programming_anim\freetype\src\autofit\afpic.c(21): fatal error C1083: Cannot open include file: '': No such file or directory (compiling source file ..\..\..\src\autofit\autofit.c)
e:\gameloft\programming_anim\programming_anim\freetype\src\cache\ftcmru.c(22): error C2006: '#include': expected a filename, found 'identifier' (compiling source file ..\..\..\src\cache\ftcache.c)
e:\gameloft\programming_anim\programming_anim\freetype\src\cff\cffpic.c(21): fatal error C1083: Cannot open include file: '': No such file or directory (compiling source file ..\..\..\src\cff\cff.c)
..\..\..\src\base\ftfstype.c(21): error C2006: '#include': expected a filename, found 'identifier'
e:\gameloft\programming_anim\programming_anim\freetype\src\cache\ftcmru.c(22): fatal error C1083: Cannot open include file: '': No such file or directory (compiling source file ..\..\..\src\cache\ftcache.c)
..\..\..\src\base\ftfstype.c(21): fatal error C1083: Cannot open include file: '': No such file or directory
  ftlzw.c
  ftstroke.c
  ftsystem.c
  smooth.c
  ftbbox.c
  ftmm.c
  ftpfr.c
..\..\..\src\base\ftpfr.c(19): error C2006: '#include': expected a filename, found 'identifier'
..\..\..\src\base\ftpfr.c(19): fatal error C1083: Cannot open include file: '': No such file or directory
..\..\..\src\base\ftbbox.c(28): error C2006: '#include': expected a filename, found 'identifier'
..\..\..\src\base\ftmm.c(20): error C2006: '#include': expected a filename, found 'identifier'
..\..\..\src\base\ftbbox.c(28): fatal error C1083: Cannot open include file: '': No such file or directory
..\..\..\src\base\ftmm.c(20): fatal error C1083: Cannot open include file: '': No such file or directory
..\..\..\src\lzw\ftlzw.c(26): error C2006: '#include': expected a filename, found 'identifier'
..\..\..\src\lzw\ftlzw.c(26): fatal error C1083: Cannot open include file: '': No such file or directory
  ftsynth.c
  fttype1.c
  ftwinfnt.c
  ftxf86.c
..\..\..\src\base\fttype1.c(20): error C2006: '#include': expected a filename, found 'identifier'
..\..\..\src\base\fttype1.c(20): fatal error C1083: Cannot open include file: '': No such file or directory
..\..\..\src\base\ftwinfnt.c(20): error C2006: '#include': expected a filename, found 'identifier'
..\..\..\src\base\ftwinfnt.c(20): fatal error C1083: Cannot open include file: '': No such file or directory
  ftlcdfil.c
  ftgxval.c
..\..\..\src\base\ftinit.c(42): error C2006: '#include': expected a filename, found 'identifier'
..\..\..\src\base\ftinit.c(42): fatal error C1083: Cannot open include file: '': No such file or directory
  ftotval.c
..\..\..\src\base\ftlcdfil.c(20): error C2006: '#include': expected a filename, found 'identifier'
..\..\..\src\base\ftlcdfil.c(20): fatal error C1083: Cannot open include file: '': No such file or directory
..\..\..\src\base\ftgxval.c(29): error C2006: '#include': expected a filename, found 'identifier'
..\..\..\src\base\ftgxval.c(29): fatal error C1083: Cannot open include file: '': No such file or directory
  ftpatent.c
..\..\..\src\base\ftsystem.c(30): error C2006: '#include': expected a filename, found 'identifier'
..\..\..\src\base\ftsystem.c(30): fatal error C1083: Cannot open include file: '': No such file or directory
..\..\..\src\base\ftotval.c(19): error C2006: '#include': expected a filename, found 'identifier'
..\..\..\src\base\ftotval.c(19): fatal error C1083: Cannot open include file: '': No such file or directory
  pcf.c
e:\gameloft\programming_anim\programming_anim\freetype\src\smooth\ftspic.c(21): error C2006: '#include': expected a filename, found 'identifier' (compiling source file ..\..\..\src\smooth\smooth.c)
  pfr.c
e:\gameloft\programming_anim\programming_anim\freetype\src\smooth\ftspic.c(21): fatal error C1083: Cannot open include file: '': No such file or directory (compiling source file ..\..\..\src\smooth\smooth.c)
  psaux.c
  pshinter.c
e:\gameloft\programming_anim\programming_anim\freetype\src\psaux\psobjs.c(20): error C2006: '#include': expected a filename, found 'identifier' (compiling source file ..\..\..\src\psaux\psaux.c)
e:\gameloft\programming_anim\programming_anim\freetype\src\psaux\psobjs.c(20): fatal error C1083: Cannot open include file: '': No such file or directory (compiling source file ..\..\..\src\psaux\psaux.c)
..\..\..\src\base\ftstroke.c(23): error C2006: '#include': expected a filename, found 'identifier'
..\..\..\src\base\ftstroke.c(23): fatal error C1083: Cannot open include file: '': No such file or directory
  psmodule.c
  raster.c
e:\gameloft\programming_anim\programming_anim\freetype\src\pfr\pfrtypes.h(23): error C2006: '#include': expected a filename, found 'identifier' (compiling source file ..\..\..\src\pfr\pfr.c)
e:\gameloft\programming_anim\programming_anim\freetype\src\pfr\pfrtypes.h(23): fatal error C1083: Cannot open include file: '': No such file or directory (compiling source file ..\..\..\src\pfr\pfr.c)
..\..\..\src\base\ftsynth.c(21): error C2006: '#include': expected a filename, found 'identifier'
..\..\..\src\base\ftsynth.c(21): fatal error C1083: Cannot open include file: '': No such file or directory
..\..\..\src\psnames\psmodule.c(20): error C2006: '#include': expected a filename, found 'identifier'
..\..\..\src\psnames\psmodule.c(20): fatal error C1083: Cannot open include file: '': No such file or directory
  sfnt.c
..\..\..\src\base\ftxf86.c(21): error C2006: '#include': expected a filename, found 'identifier'
..\..\..\src\base\ftxf86.c(21): fatal error C1083: Cannot open include file: '': No such file or directory
  truetype.c
  type1.c
  type1cid.c
e:\gameloft\programming_anim\programming_anim\freetype\src\type1\t1parse.c(37): error C2006: '#include': expected a filename, found 'identifier' (compiling source file ..\..\..\src\type1\type1.c)
e:\gameloft\programming_anim\programming_anim\freetype\src\type1\t1parse.c(37): fatal error C1083: Cannot open include file: '': No such file or directory (compiling source file ..\..\..\src\type1\type1.c)
e:\gameloft\programming_anim\programming_anim\freetype\src\cid\cidparse.c(20): error C2006: '#include': expected a filename, found 'identifier' (compiling source file ..\..\..\src\cid\type1cid.c)
e:\gameloft\programming_anim\programming_anim\freetype\src\cid\cidparse.c(20): fatal error C1083: Cannot open include file: '': No such file or directory (compiling source file ..\..\..\src\cid\type1cid.c)
  type42.c
  winfnt.c
e:\gameloft\programming_anim\programming_anim\freetype\src\pcf\pcfread.c(30): error C2006: '#include': expected a filename, found 'identifier' (compiling source file ..\..\..\src\pcf\pcf.c)
e:\gameloft\programming_anim\programming_anim\freetype\src\pcf\pcfread.c(30): fatal error C1083: Cannot open include file: '': No such file or directory (compiling source file ..\..\..\src\pcf\pcf.c)
..\..\..\src\base\ftpatent.c(21): error C2006: '#include': expected a filename, found 'identifier'
..\..\..\src\base\ftpatent.c(21): fatal error C1083: Cannot open include file: '': No such file or directory
e:\gameloft\programming_anim\programming_anim\freetype\src\pshinter\pshpic.c(21): error C2006: '#include': expected a filename, found 'identifier' (compiling source file ..\..\..\src\pshinter\pshinter.c)
e:\gameloft\programming_anim\programming_anim\freetype\src\pshinter\pshpic.c(21): fatal error C1083: Cannot open include file: '': No such file or directory (compiling source file ..\..\..\src\pshinter\pshinter.c)
e:\gameloft\programming_anim\programming_anim\freetype\src\raster\rastpic.c(21): error C2006: '#include': expected a filename, found 'identifier' (compiling source file ..\..\..\src\raster\raster.c)
e:\gameloft\programming_anim\programming_anim\freetype\src\raster\rastpic.c(21): fatal error C1083: Cannot open include file: '': No such file or directory (compiling source file ..\..\..\src\raster\raster.c)
e:\gameloft\programming_anim\programming_anim\freetype\src\sfnt\sfntpic.c(21): error C2006: '#include': expected a filename, found 'identifier' (compiling source file ..\..\..\src\sfnt\sfnt.c)
e:\gameloft\programming_anim\programming_anim\freetype\src\sfnt\sfntpic.c(21): fatal error C1083: Cannot open include file: '': No such file or directory (compiling source file ..\..\..\src\sfnt\sfnt.c)
e:\gameloft\programming_anim\programming_anim\freetype\src\truetype\ttpic.c(21): error C2006: '#include': expected a filename, found 'identifier' (compiling source file ..\..\..\src\truetype\truetype.c)
e:\gameloft\programming_anim\programming_anim\freetype\src\truetype\ttpic.c(21): fatal error C1083: Cannot open include file: '': No such file or directory (compiling source file ..\..\..\src\truetype\truetype.c)
e:\gameloft\programming_anim\programming_anim\freetype\src\type42\t42objs.h(24): error C2006: '#include': expected a filename, found 'identifier' (compiling source file ..\..\..\src\type42\type42.c)
e:\gameloft\programming_anim\programming_anim\freetype\src\type42\t42objs.h(24): fatal error C1083: Cannot open include file: '': No such file or directory (compiling source file ..\..\..\src\type42\type42.c)
..\..\..\src\winfonts\winfnt.c(23): error C2006: '#include': expected a filename, found 'identifier'
..\..\..\src\winfonts\winfnt.c(23): fatal error C1083: Cannot open include file: '': No such file or directory
