  GSPlay.cpp
e:\gameloft\programming_anim\programming_anim\trainingframework\src\gamestates\gsplay.cpp(56): warning C4244: 'argument': conversion from 'int' to 'GLfloat', possible loss of data
e:\gameloft\programming_anim\programming_anim\trainingframework\src\gamestates\gsplay.cpp(62): warning C4244: 'argument': conversion from 'int' to 'GLfloat', possible loss of data
e:\gameloft\programming_anim\programming_anim\trainingframework\src\gamestates\gsplay.cpp(86): warning C4244: 'argument': conversion from 'int' to 'GLfloat', possible loss of data
e:\gameloft\programming_anim\programming_anim\trainingframework\src\gamestates\gsplay.cpp(93): warning C4244: 'argument': conversion from 'int' to 'GLfloat', possible loss of data
e:\gameloft\programming_anim\programming_anim\trainingframework\src\gamestates\gsplay.cpp(108): warning C4244: 'argument': conversion from 'time_t' to 'unsigned int', possible loss of data
c:\program files (x86)\microsoft visual studio 14.0\vc\include\memory(901): warning C4244: 'argument': conversion from 'double' to 'float', possible loss of data
  c:\program files (x86)\microsoft visual studio 14.0\vc\include\memory(971): note: see reference to function template instantiation 'std::_Ref_count_obj<_Ty>::_Ref_count_obj<std::shared_ptr<Shaders>&,std::shared_ptr<Font>&,std::basic_string<char,std::char_traits<char>,std::allocator<char>>,TEXT_COLOR,double>(std::shared_ptr<Shaders> &,std::shared_ptr<Font> &,std::basic_string<char,std::char_traits<char>,std::allocator<char>> &&,TEXT_COLOR &&,double &&)' being compiled
          with
          [
              _Ty=Text
          ]
  c:\program files (x86)\microsoft visual studio 14.0\vc\include\memory(971): note: see reference to function template instantiation 'std::_Ref_count_obj<_Ty>::_Ref_count_obj<std::shared_ptr<Shaders>&,std::shared_ptr<Font>&,std::basic_string<char,std::char_traits<char>,std::allocator<char>>,TEXT_COLOR,double>(std::shared_ptr<Shaders> &,std::shared_ptr<Font> &,std::basic_string<char,std::char_traits<char>,std::allocator<char>> &&,TEXT_COLOR &&,double &&)' being compiled
          with
          [
              _Ty=Text
          ]
  e:\gameloft\programming_anim\programming_anim\trainingframework\src\gamestates\gsplay.cpp(72): note: see reference to function template instantiation 'std::shared_ptr<Text> std::make_shared<Text,std::shared_ptr<Shaders>&,std::shared_ptr<Font>&,std::basic_string<char,std::char_traits<char>,std::allocator<char>>,TEXT_COLOR,double>(std::shared_ptr<Shaders> &,std::shared_ptr<Font> &,std::basic_string<char,std::char_traits<char>,std::allocator<char>> &&,TEXT_COLOR &&,double &&)' being compiled
  Generating Code...
  Compiling...
  GameStatebase.cpp
  Generating Code...
Application.obj : warning LNK4075: ignoring '/EDITANDCONTINUE' due to '/SAFESEH' specification
LINK : warning LNK4098: defaultlib 'LIBCMT' conflicts with use of other libs; use /NODEFAULTLIB:library
  TrainingFramework.vcxproj -> E:\gameloft\Programming_anim\Programming_anim\\BIN-Nvidia\TrainingFramework.exe
  TrainingFramework.vcxproj -> E:\gameloft\Programming_anim\Programming_anim\\BIN-Nvidia\TrainingFramework.pdb (Full PDB)
