e:\gameloft\programming_anim\programming_anim\trainingframework\debug-nvidia\vc140.pdb
e:\gameloft\programming_anim\programming_anim\trainingframework\debug-nvidia\vc140.idb
e:\gameloft\programming_anim\programming_anim\trainingframework\debug-nvidia\gamebutton.obj
e:\gameloft\programming_anim\programming_anim\trainingframework\debug-nvidia\common.obj
e:\gameloft\programming_anim\programming_anim\trainingframework\debug-nvidia\sprite2d.obj
e:\gameloft\programming_anim\programming_anim\trainingframework\debug-nvidia\camera.obj
e:\gameloft\programming_anim\programming_anim\trainingframework\debug-nvidia\sprite3d.obj
e:\gameloft\programming_anim\programming_anim\trainingframework\debug-nvidia\models.obj
e:\gameloft\programming_anim\programming_anim\trainingframework\debug-nvidia\shaders.obj
e:\gameloft\programming_anim\programming_anim\trainingframework\debug-nvidia\spriteanimation.obj
e:\gameloft\programming_anim\programming_anim\trainingframework\debug-nvidia\text.obj
e:\gameloft\programming_anim\programming_anim\trainingframework\debug-nvidia\texture.obj
e:\gameloft\programming_anim\programming_anim\trainingframework\debug-nvidia\trap.obj
e:\gameloft\programming_anim\programming_anim\trainingframework\debug-nvidia\gamestatebase.obj
e:\gameloft\programming_anim\programming_anim\trainingframework\debug-nvidia\gamestatemachine.obj
e:\gameloft\programming_anim\programming_anim\trainingframework\debug-nvidia\gsintro.obj
e:\gameloft\programming_anim\programming_anim\trainingframework\debug-nvidia\gsmenu.obj
e:\gameloft\programming_anim\programming_anim\trainingframework\debug-nvidia\gspausemenu.obj
e:\gameloft\programming_anim\programming_anim\trainingframework\debug-nvidia\gsplay.obj
e:\gameloft\programming_anim\programming_anim\trainingframework\debug-nvidia\gssetting.obj
e:\gameloft\programming_anim\programming_anim\trainingframework\debug-nvidia\trainingframework.obj
e:\gameloft\programming_anim\programming_anim\trainingframework\debug-nvidia\application.obj
e:\gameloft\programming_anim\programming_anim\trainingframework\debug-nvidia\resourcemanagers.obj
e:\gameloft\programming_anim\programming_anim\trainingframework\debug-nvidia\background.obj
e:\gameloft\programming_anim\programming_anim\trainingframework\debug-nvidia\font.obj
e:\gameloft\programming_anim\programming_anim\trainingframework\debug-nvidia\ball.obj
e:\gameloft\programming_anim\programming_anim\trainingframework\debug-nvidia\crossbar.obj
e:\gameloft\programming_anim\programming_anim\trainingframework\debug-nvidia\barry.obj
e:\gameloft\programming_anim\programming_anim\trainingframework\debug-nvidia\heart.obj
e:\gameloft\programming_anim\programming_anim\\bin-nvidia\trainingframework.pdb
e:\gameloft\programming_anim\programming_anim\trainingframework\debug-nvidia\training.fc024ec8.tlog\cl.command.1.tlog
e:\gameloft\programming_anim\programming_anim\trainingframework\debug-nvidia\training.fc024ec8.tlog\cl.read.1.tlog
e:\gameloft\programming_anim\programming_anim\trainingframework\debug-nvidia\training.fc024ec8.tlog\cl.write.1.tlog
e:\gameloft\programming_anim\programming_anim\trainingframework\debug-nvidia\training.fc024ec8.tlog\link-cvtres.read.1.tlog
e:\gameloft\programming_anim\programming_anim\trainingframework\debug-nvidia\training.fc024ec8.tlog\link-cvtres.write.1.tlog
e:\gameloft\programming_anim\programming_anim\trainingframework\debug-nvidia\training.fc024ec8.tlog\link-rc.read.1.tlog
e:\gameloft\programming_anim\programming_anim\trainingframework\debug-nvidia\training.fc024ec8.tlog\link-rc.write.1.tlog
e:\gameloft\programming_anim\programming_anim\trainingframework\debug-nvidia\training.fc024ec8.tlog\link.16228-cvtres.read.1.tlog
e:\gameloft\programming_anim\programming_anim\trainingframework\debug-nvidia\training.fc024ec8.tlog\link.16228-cvtres.write.1.tlog
e:\gameloft\programming_anim\programming_anim\trainingframework\debug-nvidia\training.fc024ec8.tlog\link.16228-rc.read.1.tlog
e:\gameloft\programming_anim\programming_anim\trainingframework\debug-nvidia\training.fc024ec8.tlog\link.16228-rc.write.1.tlog
e:\gameloft\programming_anim\programming_anim\trainingframework\debug-nvidia\training.fc024ec8.tlog\link.16228.read.1.tlog
e:\gameloft\programming_anim\programming_anim\trainingframework\debug-nvidia\training.fc024ec8.tlog\link.16228.write.1.tlog
e:\gameloft\programming_anim\programming_anim\trainingframework\debug-nvidia\training.fc024ec8.tlog\link.command.1.tlog
e:\gameloft\programming_anim\programming_anim\trainingframework\debug-nvidia\training.fc024ec8.tlog\link.read.1.tlog
e:\gameloft\programming_anim\programming_anim\trainingframework\debug-nvidia\training.fc024ec8.tlog\link.write.1.tlog
