  GSMenu.cpp
e:\gameloft\programming_anim\programming_anim\trainingframework\src\gamestates\gsmenu.cpp(26): warning C4244: 'argument': conversion from 'int' to 'GLfloat', possible loss of data
e:\gameloft\programming_anim\programming_anim\trainingframework\src\gamestates\gsmenu.cpp(32): warning C4244: 'argument': conversion from 'int' to 'GLfloat', possible loss of data
e:\gameloft\programming_anim\programming_anim\trainingframework\src\gamestates\gsmenu.cpp(41): warning C4244: 'argument': conversion from 'int' to 'GLfloat', possible loss of data
e:\gameloft\programming_anim\programming_anim\trainingframework\src\gamestates\gsmenu.cpp(50): warning C4244: 'argument': conversion from 'int' to 'GLfloat', possible loss of data
e:\gameloft\programming_anim\programming_anim\trainingframework\src\gamestates\gsmenu.cpp(62): warning C4244: 'argument': conversion from 'int' to 'GLfloat', possible loss of data
c:\program files (x86)\microsoft visual studio 14.0\vc\include\memory(901): warning C4244: 'argument': conversion from 'double' to 'float', possible loss of data
  c:\program files (x86)\microsoft visual studio 14.0\vc\include\memory(971): note: see reference to function template instantiation 'std::_Ref_count_obj<_Ty>::_Ref_count_obj<std::shared_ptr<Shaders>&,std::shared_ptr<Font>&,const char(&)[12],TEXT_COLOR,double>(std::shared_ptr<Shaders> &,std::shared_ptr<Font> &,const char (&)[12],TEXT_COLOR &&,double &&)' being compiled
          with
          [
              _Ty=Text
          ]
  c:\program files (x86)\microsoft visual studio 14.0\vc\include\memory(971): note: see reference to function template instantiation 'std::_Ref_count_obj<_Ty>::_Ref_count_obj<std::shared_ptr<Shaders>&,std::shared_ptr<Font>&,const char(&)[12],TEXT_COLOR,double>(std::shared_ptr<Shaders> &,std::shared_ptr<Font> &,const char (&)[12],TEXT_COLOR &&,double &&)' being compiled
          with
          [
              _Ty=Text
          ]
  e:\gameloft\programming_anim\programming_anim\trainingframework\src\gamestates\gsmenu.cpp(61): note: see reference to function template instantiation 'std::shared_ptr<Text> std::make_shared<Text,std::shared_ptr<Shaders>&,std::shared_ptr<Font>&,const char(&)[12],TEXT_COLOR,double>(std::shared_ptr<Shaders> &,std::shared_ptr<Font> &,const char (&)[12],TEXT_COLOR &&,double &&)' being compiled
  GSIntro.cpp
e:\gameloft\programming_anim\programming_anim\trainingframework\src\gamestates\gsintro.cpp(26): warning C4244: 'argument': conversion from 'int' to 'GLfloat', possible loss of data
e:\gameloft\programming_anim\programming_anim\trainingframework\src\gamestates\gsintro.cpp(31): warning C4244: 'argument': conversion from 'int' to 'GLfloat', possible loss of data
  GameStatebase.cpp
  GSSetting.cpp
c1xx : fatal error C1083: Cannot open source file: 'GSSetting.cpp': No such file or directory
  Generating Code...
  Compiling...
  GSPlay.cpp
e:\gameloft\programming_anim\programming_anim\trainingframework\src\gamestates\gsplay.cpp(35): warning C4244: 'argument': conversion from 'int' to 'GLfloat', possible loss of data
c:\program files (x86)\microsoft visual studio 14.0\vc\include\memory(901): warning C4244: 'argument': conversion from 'double' to 'float', possible loss of data
  c:\program files (x86)\microsoft visual studio 14.0\vc\include\memory(971): note: see reference to function template instantiation 'std::_Ref_count_obj<_Ty>::_Ref_count_obj<std::shared_ptr<Shaders>&,std::shared_ptr<Font>&,const char(&)[10],TEXT_COLOR,double>(std::shared_ptr<Shaders> &,std::shared_ptr<Font> &,const char (&)[10],TEXT_COLOR &&,double &&)' being compiled
          with
          [
              _Ty=Text
          ]
  c:\program files (x86)\microsoft visual studio 14.0\vc\include\memory(971): note: see reference to function template instantiation 'std::_Ref_count_obj<_Ty>::_Ref_count_obj<std::shared_ptr<Shaders>&,std::shared_ptr<Font>&,const char(&)[10],TEXT_COLOR,double>(std::shared_ptr<Shaders> &,std::shared_ptr<Font> &,const char (&)[10],TEXT_COLOR &&,double &&)' being compiled
          with
          [
              _Ty=Text
          ]
  e:\gameloft\programming_anim\programming_anim\trainingframework\src\gamestates\gsplay.cpp(42): note: see reference to function template instantiation 'std::shared_ptr<Text> std::make_shared<Text,std::shared_ptr<Shaders>&,std::shared_ptr<Font>&,const char(&)[10],TEXT_COLOR,double>(std::shared_ptr<Shaders> &,std::shared_ptr<Font> &,const char (&)[10],TEXT_COLOR &&,double &&)' being compiled
  GameStateMachine.cpp
  Application.cpp
  Generating Code...
