  Application.cpp
  ResourceManagers.cpp
  Card.cpp
  Font.cpp
  GameButton.cpp
  Sprite2D.cpp
src\GameObject\Sprite2D.cpp(143): warning C4244: 'initializing': conversion from 'double' to 'float', possible loss of data
src\GameObject\Sprite2D.cpp(144): warning C4244: 'initializing': conversion from 'double' to 'float', possible loss of data
src\GameObject\Sprite2D.cpp(154): warning C4244: 'initializing': conversion from 'double' to 'float', possible loss of data
src\GameObject\Sprite2D.cpp(155): warning C4244: 'initializing': conversion from 'double' to 'float', possible loss of data
  Camera.cpp
  Sprite3D.cpp
  Models.cpp
src\GameObject\Models.cpp(25): warning C4244: 'initializing': conversion from 'std::streamoff' to 'std::size_t', possible loss of data
src\GameObject\Models.cpp(10): warning C4477: 'printf' : format string '%s' requires an argument of type 'char *', but variadic argument 1 has type 'const std::string'
src\GameObject\Models.cpp(13): warning C4477: 'printf' : format string '%s' requires an argument of type 'char *', but variadic argument 1 has type 'const std::string'
src\GameObject\Models.cpp(35): warning C4996: 'sscanf': This function or variable may be unsafe. Consider using sscanf_s instead. To disable deprecation, use _CRT_SECURE_NO_WARNINGS. See online help for details.
  C:\Program Files (x86)\Windows Kits\10\Include\10.0.14393.0\ucrt\stdio.h(2254): note: see declaration of 'sscanf'
src\GameObject\Models.cpp(40): warning C4996: 'sscanf': This function or variable may be unsafe. Consider using sscanf_s instead. To disable deprecation, use _CRT_SECURE_NO_WARNINGS. See online help for details.
  C:\Program Files (x86)\Windows Kits\10\Include\10.0.14393.0\ucrt\stdio.h(2254): note: see declaration of 'sscanf'
src\GameObject\Models.cpp(62): warning C4996: 'sscanf': This function or variable may be unsafe. Consider using sscanf_s instead. To disable deprecation, use _CRT_SECURE_NO_WARNINGS. See online help for details.
  C:\Program Files (x86)\Windows Kits\10\Include\10.0.14393.0\ucrt\stdio.h(2254): note: see declaration of 'sscanf'
src\GameObject\Models.cpp(68): warning C4996: 'sscanf': This function or variable may be unsafe. Consider using sscanf_s instead. To disable deprecation, use _CRT_SECURE_NO_WARNINGS. See online help for details.
  C:\Program Files (x86)\Windows Kits\10\Include\10.0.14393.0\ucrt\stdio.h(2254): note: see declaration of 'sscanf'
  Shaders.cpp
src\GameObject\Shaders.cpp(21): warning C4477: 'printf' : format string '%s' requires an argument of type 'char *', but variadic argument 1 has type 'const std::string'
src\GameObject\Shaders.cpp(21): warning C4477: 'printf' : format string '%s' requires an argument of type 'char *', but variadic argument 2 has type 'const std::string'
src\GameObject\Shaders.cpp(25): warning C4477: 'printf' : format string '%s' requires an argument of type 'char *', but variadic argument 1 has type 'const std::string'
src\GameObject\Shaders.cpp(32): warning C4477: 'printf' : format string '%s' requires an argument of type 'char *', but variadic argument 1 has type 'const std::string'
src\GameObject\Shaders.cpp(44): warning C4477: 'printf' : format string '%s' requires an argument of type 'char *', but variadic argument 1 has type 'const std::string'
src\GameObject\Shaders.cpp(44): warning C4477: 'printf' : format string '%s' requires an argument of type 'char *', but variadic argument 2 has type 'const std::string'
  SpriteAnimation.cpp
src\GameObject\SpriteAnimation.cpp(105): warning C4244: 'argument': conversion from 'GLint' to 'GLfloat', possible loss of data
src\GameObject\SpriteAnimation.cpp(110): warning C4244: 'argument': conversion from 'GLint' to 'GLfloat', possible loss of data
src\GameObject\SpriteAnimation.cpp(138): warning C4244: 'initializing': conversion from 'double' to 'float', possible loss of data
src\GameObject\SpriteAnimation.cpp(139): warning C4244: 'initializing': conversion from 'double' to 'float', possible loss of data
src\GameObject\SpriteAnimation.cpp(149): warning C4244: 'initializing': conversion from 'double' to 'float', possible loss of data
src\GameObject\SpriteAnimation.cpp(150): warning C4244: 'initializing': conversion from 'double' to 'float', possible loss of data
  Text.cpp
src\GameObject\Text.cpp(24): warning C4244: 'initializing': conversion from 'double' to 'float', possible loss of data
src\GameObject\Text.cpp(25): warning C4244: 'initializing': conversion from 'double' to 'float', possible loss of data
src\GameObject\Text.cpp(176): warning C4244: 'initializing': conversion from 'double' to 'float', possible loss of data
src\GameObject\Text.cpp(177): warning C4244: 'initializing': conversion from 'double' to 'float', possible loss of data
src\GameObject\Text.cpp(187): warning C4244: 'initializing': conversion from 'double' to 'float', possible loss of data
src\GameObject\Text.cpp(188): warning C4244: 'initializing': conversion from 'double' to 'float', possible loss of data
  Texture.cpp
  GameStatebase.cpp
  GameStateMachine.cpp
  GSIntro.cpp
src\GameStates\GSIntro.cpp(27): warning C4244: 'argument': conversion from 'int' to 'GLfloat', possible loss of data
  GSMenu.cpp
src\GameStates\GSMenu.cpp(26): warning C4244: 'argument': conversion from 'int' to 'GLfloat', possible loss of data
src\GameStates\GSMenu.cpp(32): warning C4244: 'argument': conversion from 'int' to 'GLfloat', possible loss of data
src\GameStates\GSMenu.cpp(41): warning C4244: 'argument': conversion from 'int' to 'GLfloat', possible loss of data
src\GameStates\GSMenu.cpp(50): warning C4244: 'argument': conversion from 'int' to 'GLfloat', possible loss of data
  GSPauseMenu.cpp
src\GameStates\GSPauseMenu.cpp(34): warning C4244: 'argument': conversion from 'int' to 'GLfloat', possible loss of data
src\GameStates\GSPauseMenu.cpp(39): warning C4244: 'argument': conversion from 'int' to 'GLfloat', possible loss of data
src\GameStates\GSPauseMenu.cpp(48): warning C4244: 'argument': conversion from 'int' to 'GLfloat', possible loss of data
src\GameStates\GSPauseMenu.cpp(57): warning C4244: 'argument': conversion from 'int' to 'GLfloat', possible loss of data
  GSPlay.cpp
src\GameStates\GSPlay.cpp(56): warning C4244: 'argument': conversion from 'int' to 'GLfloat', possible loss of data
src\GameStates\GSPlay.cpp(62): warning C4244: 'argument': conversion from 'int' to 'GLfloat', possible loss of data
src\GameStates\GSPlay.cpp(86): warning C4244: 'argument': conversion from 'int' to 'GLfloat', possible loss of data
src\GameStates\GSPlay.cpp(93): warning C4244: 'argument': conversion from 'int' to 'GLfloat', possible loss of data
src\GameStates\GSPlay.cpp(108): warning C4244: 'argument': conversion from 'time_t' to 'unsigned int', possible loss of data
C:\Program Files (x86)\Microsoft Visual Studio 14.0\VC\include\memory(901): warning C4244: 'argument': conversion from 'double' to 'float', possible loss of data
  C:\Program Files (x86)\Microsoft Visual Studio 14.0\VC\include\memory(971): note: see reference to function template instantiation 'std::_Ref_count_obj<_Ty>::_Ref_count_obj<std::shared_ptr<Shaders>&,std::shared_ptr<Font>&,std::basic_string<char,std::char_traits<char>,std::allocator<char>>,TEXT_COLOR,double>(std::shared_ptr<Shaders> &,std::shared_ptr<Font> &,std::basic_string<char,std::char_traits<char>,std::allocator<char>> &&,TEXT_COLOR &&,double &&)' being compiled
          with
          [
              _Ty=Text
          ]
  C:\Program Files (x86)\Microsoft Visual Studio 14.0\VC\include\memory(971): note: see reference to function template instantiation 'std::_Ref_count_obj<_Ty>::_Ref_count_obj<std::shared_ptr<Shaders>&,std::shared_ptr<Font>&,std::basic_string<char,std::char_traits<char>,std::allocator<char>>,TEXT_COLOR,double>(std::shared_ptr<Shaders> &,std::shared_ptr<Font> &,std::basic_string<char,std::char_traits<char>,std::allocator<char>> &&,TEXT_COLOR &&,double &&)' being compiled
          with
          [
              _Ty=Text
          ]
  src\GameStates\GSPlay.cpp(72): note: see reference to function template instantiation 'std::shared_ptr<Text> std::make_shared<Text,std::shared_ptr<Shaders>&,std::shared_ptr<Font>&,std::basic_string<char,std::char_traits<char>,std::allocator<char>>,TEXT_COLOR,double>(std::shared_ptr<Shaders> &,std::shared_ptr<Font> &,std::basic_string<char,std::char_traits<char>,std::allocator<char>> &&,TEXT_COLOR &&,double &&)' being compiled
  GSSetting.cpp
src\GameStates\GSSetting.cpp(36): warning C4244: 'argument': conversion from 'int' to 'GLfloat', possible loss of data
src\GameStates\GSSetting.cpp(41): warning C4244: 'argument': conversion from 'int' to 'GLfloat', possible loss of data
  Compiling...
  TrainingFramework.cpp
C:\Program Files (x86)\MSBuild\Microsoft.Cpp\v4.0\V140\Microsoft.Cpp.Platform.targets(57,5): error MSB8020: The build tools for v142 (Platform Toolset = 'v142') cannot be found. To build using the v142 build tools, please install v142 build tools.  Alternatively, you may upgrade to the current Visual Studio tools by selecting the Project menu or right-click the solution, and then selecting "Retarget solution".
