  Application.cpp
  ResourceManagers.cpp
  Card.cpp
  Font.cpp
  GameButton.cpp
  Sprite2D.cpp
e:\gameloft\programming_anim\programming_anim\trainingframework\src\gameobject\sprite2d.cpp(143): warning C4244: 'initializing': conversion from 'double' to 'float', possible loss of data
e:\gameloft\programming_anim\programming_anim\trainingframework\src\gameobject\sprite2d.cpp(144): warning C4244: 'initializing': conversion from 'double' to 'float', possible loss of data
e:\gameloft\programming_anim\programming_anim\trainingframework\src\gameobject\sprite2d.cpp(154): warning C4244: 'initializing': conversion from 'double' to 'float', possible loss of data
e:\gameloft\programming_anim\programming_anim\trainingframework\src\gameobject\sprite2d.cpp(155): warning C4244: 'initializing': conversion from 'double' to 'float', possible loss of data
  Camera.cpp
  Sprite3D.cpp
  Models.cpp
e:\gameloft\programming_anim\programming_anim\trainingframework\src\gameobject\models.cpp(10): warning C4477: 'printf' : format string '%s' requires an argument of type 'char *', but variadic argument 1 has type 'const std::string'
e:\gameloft\programming_anim\programming_anim\trainingframework\src\gameobject\models.cpp(13): warning C4477: 'printf' : format string '%s' requires an argument of type 'char *', but variadic argument 1 has type 'const std::string'
e:\gameloft\programming_anim\programming_anim\trainingframework\src\gameobject\models.cpp(25): warning C4244: 'initializing': conversion from 'std::streamoff' to 'size_t', possible loss of data
e:\gameloft\programming_anim\programming_anim\trainingframework\src\gameobject\models.cpp(35): warning C4996: 'sscanf': This function or variable may be unsafe. Consider using sscanf_s instead. To disable deprecation, use _CRT_SECURE_NO_WARNINGS. See online help for details.
  c:\program files (x86)\windows kits\10\include\10.0.14393.0\ucrt\stdio.h(2254): note: see declaration of 'sscanf'
e:\gameloft\programming_anim\programming_anim\trainingframework\src\gameobject\models.cpp(40): warning C4996: 'sscanf': This function or variable may be unsafe. Consider using sscanf_s instead. To disable deprecation, use _CRT_SECURE_NO_WARNINGS. See online help for details.
  c:\program files (x86)\windows kits\10\include\10.0.14393.0\ucrt\stdio.h(2254): note: see declaration of 'sscanf'
e:\gameloft\programming_anim\programming_anim\trainingframework\src\gameobject\models.cpp(62): warning C4996: 'sscanf': This function or variable may be unsafe. Consider using sscanf_s instead. To disable deprecation, use _CRT_SECURE_NO_WARNINGS. See online help for details.
  c:\program files (x86)\windows kits\10\include\10.0.14393.0\ucrt\stdio.h(2254): note: see declaration of 'sscanf'
e:\gameloft\programming_anim\programming_anim\trainingframework\src\gameobject\models.cpp(68): warning C4996: 'sscanf': This function or variable may be unsafe. Consider using sscanf_s instead. To disable deprecation, use _CRT_SECURE_NO_WARNINGS. See online help for details.
  c:\program files (x86)\windows kits\10\include\10.0.14393.0\ucrt\stdio.h(2254): note: see declaration of 'sscanf'
  Shaders.cpp
e:\gameloft\programming_anim\programming_anim\trainingframework\src\gameobject\shaders.cpp(21): warning C4477: 'printf' : format string '%s' requires an argument of type 'char *', but variadic argument 1 has type 'const std::string'
e:\gameloft\programming_anim\programming_anim\trainingframework\src\gameobject\shaders.cpp(21): warning C4477: 'printf' : format string '%s' requires an argument of type 'char *', but variadic argument 2 has type 'const std::string'
e:\gameloft\programming_anim\programming_anim\trainingframework\src\gameobject\shaders.cpp(25): warning C4477: 'printf' : format string '%s' requires an argument of type 'char *', but variadic argument 1 has type 'const std::string'
e:\gameloft\programming_anim\programming_anim\trainingframework\src\gameobject\shaders.cpp(32): warning C4477: 'printf' : format string '%s' requires an argument of type 'char *', but variadic argument 1 has type 'const std::string'
e:\gameloft\programming_anim\programming_anim\trainingframework\src\gameobject\shaders.cpp(44): warning C4477: 'printf' : format string '%s' requires an argument of type 'char *', but variadic argument 1 has type 'const std::string'
e:\gameloft\programming_anim\programming_anim\trainingframework\src\gameobject\shaders.cpp(44): warning C4477: 'printf' : format string '%s' requires an argument of type 'char *', but variadic argument 2 has type 'const std::string'
  SpriteAnimation.cpp
e:\gameloft\programming_anim\programming_anim\trainingframework\src\gameobject\spriteanimation.cpp(105): warning C4244: 'argument': conversion from 'GLint' to 'GLfloat', possible loss of data
e:\gameloft\programming_anim\programming_anim\trainingframework\src\gameobject\spriteanimation.cpp(110): warning C4244: 'argument': conversion from 'GLint' to 'GLfloat', possible loss of data
e:\gameloft\programming_anim\programming_anim\trainingframework\src\gameobject\spriteanimation.cpp(138): warning C4244: 'initializing': conversion from 'double' to 'float', possible loss of data
e:\gameloft\programming_anim\programming_anim\trainingframework\src\gameobject\spriteanimation.cpp(139): warning C4244: 'initializing': conversion from 'double' to 'float', possible loss of data
e:\gameloft\programming_anim\programming_anim\trainingframework\src\gameobject\spriteanimation.cpp(149): warning C4244: 'initializing': conversion from 'double' to 'float', possible loss of data
e:\gameloft\programming_anim\programming_anim\trainingframework\src\gameobject\spriteanimation.cpp(150): warning C4244: 'initializing': conversion from 'double' to 'float', possible loss of data
  Text.cpp
e:\gameloft\programming_anim\programming_anim\trainingframework\src\gameobject\text.cpp(24): warning C4244: 'initializing': conversion from 'double' to 'float', possible loss of data
e:\gameloft\programming_anim\programming_anim\trainingframework\src\gameobject\text.cpp(25): warning C4244: 'initializing': conversion from 'double' to 'float', possible loss of data
e:\gameloft\programming_anim\programming_anim\trainingframework\src\gameobject\text.cpp(176): warning C4244: 'initializing': conversion from 'double' to 'float', possible loss of data
e:\gameloft\programming_anim\programming_anim\trainingframework\src\gameobject\text.cpp(177): warning C4244: 'initializing': conversion from 'double' to 'float', possible loss of data
e:\gameloft\programming_anim\programming_anim\trainingframework\src\gameobject\text.cpp(187): warning C4244: 'initializing': conversion from 'double' to 'float', possible loss of data
e:\gameloft\programming_anim\programming_anim\trainingframework\src\gameobject\text.cpp(188): warning C4244: 'initializing': conversion from 'double' to 'float', possible loss of data
  Texture.cpp
  GameStatebase.cpp
  GameStateMachine.cpp
  GSIntro.cpp
e:\gameloft\programming_anim\programming_anim\trainingframework\src\gamestates\gsintro.cpp(27): warning C4244: 'argument': conversion from 'int' to 'GLfloat', possible loss of data
  GSMenu.cpp
e:\gameloft\programming_anim\programming_anim\trainingframework\src\gamestates\gsmenu.cpp(26): warning C4244: 'argument': conversion from 'int' to 'GLfloat', possible loss of data
e:\gameloft\programming_anim\programming_anim\trainingframework\src\gamestates\gsmenu.cpp(32): warning C4244: 'argument': conversion from 'int' to 'GLfloat', possible loss of data
e:\gameloft\programming_anim\programming_anim\trainingframework\src\gamestates\gsmenu.cpp(41): warning C4244: 'argument': conversion from 'int' to 'GLfloat', possible loss of data
e:\gameloft\programming_anim\programming_anim\trainingframework\src\gamestates\gsmenu.cpp(50): warning C4244: 'argument': conversion from 'int' to 'GLfloat', possible loss of data
  GSPauseMenu.cpp
e:\gameloft\programming_anim\programming_anim\trainingframework\src\gamestates\gspausemenu.cpp(34): warning C4244: 'argument': conversion from 'int' to 'GLfloat', possible loss of data
e:\gameloft\programming_anim\programming_anim\trainingframework\src\gamestates\gspausemenu.cpp(39): warning C4244: 'argument': conversion from 'int' to 'GLfloat', possible loss of data
e:\gameloft\programming_anim\programming_anim\trainingframework\src\gamestates\gspausemenu.cpp(48): warning C4244: 'argument': conversion from 'int' to 'GLfloat', possible loss of data
e:\gameloft\programming_anim\programming_anim\trainingframework\src\gamestates\gspausemenu.cpp(57): warning C4244: 'argument': conversion from 'int' to 'GLfloat', possible loss of data
  GSPlay.cpp
e:\gameloft\programming_anim\programming_anim\trainingframework\src\gamestates\gsplay.cpp(56): warning C4244: 'argument': conversion from 'int' to 'GLfloat', possible loss of data
e:\gameloft\programming_anim\programming_anim\trainingframework\src\gamestates\gsplay.cpp(62): warning C4244: 'argument': conversion from 'int' to 'GLfloat', possible loss of data
e:\gameloft\programming_anim\programming_anim\trainingframework\src\gamestates\gsplay.cpp(86): warning C4244: 'argument': conversion from 'int' to 'GLfloat', possible loss of data
e:\gameloft\programming_anim\programming_anim\trainingframework\src\gamestates\gsplay.cpp(93): warning C4244: 'argument': conversion from 'int' to 'GLfloat', possible loss of data
e:\gameloft\programming_anim\programming_anim\trainingframework\src\gamestates\gsplay.cpp(108): warning C4244: 'argument': conversion from 'time_t' to 'unsigned int', possible loss of data
c:\program files (x86)\microsoft visual studio\2017\wdexpress\vc\tools\msvc\14.16.27023\include\memory(1801): warning C4244: 'argument': conversion from '_Ty' to 'float', possible loss of data
          with
          [
              _Ty=double
          ]
  c:\program files (x86)\microsoft visual studio\2017\wdexpress\vc\tools\msvc\14.16.27023\include\memory(1866): note: see reference to function template instantiation 'std::_Ref_count_obj<_Ty>::_Ref_count_obj<std::shared_ptr<Shaders>&,std::shared_ptr<Font>&,std::basic_string<char,std::char_traits<char>,std::allocator<char>>,TEXT_COLOR,double>(std::shared_ptr<Shaders> &,std::shared_ptr<Font> &,std::basic_string<char,std::char_traits<char>,std::allocator<char>> &&,TEXT_COLOR &&,double &&)' being compiled
          with
          [
              _Ty=Text
          ]
  c:\program files (x86)\microsoft visual studio\2017\wdexpress\vc\tools\msvc\14.16.27023\include\memory(1866): note: see reference to function template instantiation 'std::_Ref_count_obj<_Ty>::_Ref_count_obj<std::shared_ptr<Shaders>&,std::shared_ptr<Font>&,std::basic_string<char,std::char_traits<char>,std::allocator<char>>,TEXT_COLOR,double>(std::shared_ptr<Shaders> &,std::shared_ptr<Font> &,std::basic_string<char,std::char_traits<char>,std::allocator<char>> &&,TEXT_COLOR &&,double &&)' being compiled
          with
          [
              _Ty=Text
          ]
  e:\gameloft\programming_anim\programming_anim\trainingframework\src\gamestates\gsplay.cpp(72): note: see reference to function template instantiation 'std::shared_ptr<Text> std::make_shared<Text,std::shared_ptr<Shaders>&,std::shared_ptr<Font>&,std::basic_string<char,std::char_traits<char>,std::allocator<char>>,TEXT_COLOR,double>(std::shared_ptr<Shaders> &,std::shared_ptr<Font> &,std::basic_string<char,std::char_traits<char>,std::allocator<char>> &&,TEXT_COLOR &&,double &&)' being compiled
  GSSetting.cpp
e:\gameloft\programming_anim\programming_anim\trainingframework\src\gamestates\gssetting.cpp(36): warning C4244: 'argument': conversion from 'int' to 'GLfloat', possible loss of data
e:\gameloft\programming_anim\programming_anim\trainingframework\src\gamestates\gssetting.cpp(41): warning C4244: 'argument': conversion from 'int' to 'GLfloat', possible loss of data
  Compiling...
  TrainingFramework.cpp
LINK : warning LNK4098: defaultlib 'LIBCMT' conflicts with use of other libs; use /NODEFAULTLIB:library
  Generating code
  All 1559 functions were compiled because no usable IPDB/IOBJ from previous compilation was found.
  Finished generating code
  TrainingFramework.vcxproj -> E:\gameloft\Programming_anim\Programming_anim\\BIN-Nvidia\TrainingFramework.exe
