e:\gameloft\programming_anim\programming_anim\trainingframework\release-nvidia\vc140.pdb
e:\gameloft\programming_anim\programming_anim\trainingframework\release-nvidia\gssetting.obj
e:\gameloft\programming_anim\programming_anim\trainingframework\release-nvidia\gsplay.obj
e:\gameloft\programming_anim\programming_anim\trainingframework\release-nvidia\gspausemenu.obj
e:\gameloft\programming_anim\programming_anim\trainingframework\release-nvidia\gsmenu.obj
e:\gameloft\programming_anim\programming_anim\trainingframework\release-nvidia\gsintro.obj
e:\gameloft\programming_anim\programming_anim\trainingframework\release-nvidia\gamestatemachine.obj
e:\gameloft\programming_anim\programming_anim\trainingframework\release-nvidia\gamestatebase.obj
e:\gameloft\programming_anim\programming_anim\trainingframework\release-nvidia\texture.obj
e:\gameloft\programming_anim\programming_anim\trainingframework\release-nvidia\text.obj
e:\gameloft\programming_anim\programming_anim\trainingframework\release-nvidia\spriteanimation.obj
e:\gameloft\programming_anim\programming_anim\trainingframework\release-nvidia\shaders.obj
e:\gameloft\programming_anim\programming_anim\trainingframework\release-nvidia\models.obj
e:\gameloft\programming_anim\programming_anim\trainingframework\release-nvidia\sprite3d.obj
e:\gameloft\programming_anim\programming_anim\trainingframework\release-nvidia\camera.obj
e:\gameloft\programming_anim\programming_anim\trainingframework\release-nvidia\sprite2d.obj
e:\gameloft\programming_anim\programming_anim\trainingframework\release-nvidia\gamebutton.obj
e:\gameloft\programming_anim\programming_anim\trainingframework\release-nvidia\font.obj
e:\gameloft\programming_anim\programming_anim\trainingframework\release-nvidia\card.obj
e:\gameloft\programming_anim\programming_anim\trainingframework\release-nvidia\resourcemanagers.obj
e:\gameloft\programming_anim\programming_anim\trainingframework\release-nvidia\application.obj
e:\gameloft\programming_anim\programming_anim\trainingframework\release-nvidia\trainingframework.obj
e:\gameloft\programming_anim\programming_anim\\bin-nvidia\trainingframework.pdb
e:\gameloft\programming_anim\programming_anim\\bin-nvidia\trainingframework.exe
e:\gameloft\programming_anim\programming_anim\\bin-nvidia\trainingframework.ilk
e:\gameloft\programming_anim\programming_anim\trainingframework\release-nvidia\training.fc024ec8.tlog\cl.command.1.tlog
e:\gameloft\programming_anim\programming_anim\trainingframework\release-nvidia\training.fc024ec8.tlog\cl.read.1.tlog
e:\gameloft\programming_anim\programming_anim\trainingframework\release-nvidia\training.fc024ec8.tlog\cl.write.1.tlog
