  TrainingFramework.cpp
  GSSetting.cpp
e:\gameloft\programming_anim\programming_anim\trainingframework\src\gamestates\gssetting.cpp(36): warning C4244: 'argument': conversion from 'int' to 'GLfloat', possible loss of data
e:\gameloft\programming_anim\programming_anim\trainingframework\src\gamestates\gssetting.cpp(41): warning C4244: 'argument': conversion from 'int' to 'GLfloat', possible loss of data
  GSPlay.cpp
e:\gameloft\programming_anim\programming_anim\trainingframework\src\gamestates\gsplay.cpp(56): warning C4244: 'argument': conversion from 'int' to 'GLfloat', possible loss of data
e:\gameloft\programming_anim\programming_anim\trainingframework\src\gamestates\gsplay.cpp(62): warning C4244: 'argument': conversion from 'int' to 'GLfloat', possible loss of data
e:\gameloft\programming_anim\programming_anim\trainingframework\src\gamestates\gsplay.cpp(86): warning C4244: 'argument': conversion from 'int' to 'GLfloat', possible loss of data
e:\gameloft\programming_anim\programming_anim\trainingframework\src\gamestates\gsplay.cpp(93): warning C4244: 'argument': conversion from 'int' to 'GLfloat', possible loss of data
e:\gameloft\programming_anim\programming_anim\trainingframework\src\gamestates\gsplay.cpp(108): warning C4244: 'argument': conversion from 'time_t' to 'unsigned int', possible loss of data
c:\program files (x86)\microsoft visual studio 14.0\vc\include\memory(901): warning C4244: 'argument': conversion from 'double' to 'float', possible loss of data
  c:\program files (x86)\microsoft visual studio 14.0\vc\include\memory(971): note: see reference to function template instantiation 'std::_Ref_count_obj<_Ty>::_Ref_count_obj<std::shared_ptr<Shaders>&,std::shared_ptr<Font>&,std::basic_string<char,std::char_traits<char>,std::allocator<char>>,TEXT_COLOR,double>(std::shared_ptr<Shaders> &,std::shared_ptr<Font> &,std::basic_string<char,std::char_traits<char>,std::allocator<char>> &&,TEXT_COLOR &&,double &&)' being compiled
          with
          [
              _Ty=Text
          ]
  c:\program files (x86)\microsoft visual studio 14.0\vc\include\memory(971): note: see reference to function template instantiation 'std::_Ref_count_obj<_Ty>::_Ref_count_obj<std::shared_ptr<Shaders>&,std::shared_ptr<Font>&,std::basic_string<char,std::char_traits<char>,std::allocator<char>>,TEXT_COLOR,double>(std::shared_ptr<Shaders> &,std::shared_ptr<Font> &,std::basic_string<char,std::char_traits<char>,std::allocator<char>> &&,TEXT_COLOR &&,double &&)' being compiled
          with
          [
              _Ty=Text
          ]
  e:\gameloft\programming_anim\programming_anim\trainingframework\src\gamestates\gsplay.cpp(72): note: see reference to function template instantiation 'std::shared_ptr<Text> std::make_shared<Text,std::shared_ptr<Shaders>&,std::shared_ptr<Font>&,std::basic_string<char,std::char_traits<char>,std::allocator<char>>,TEXT_COLOR,double>(std::shared_ptr<Shaders> &,std::shared_ptr<Font> &,std::basic_string<char,std::char_traits<char>,std::allocator<char>> &&,TEXT_COLOR &&,double &&)' being compiled
  GSPauseMenu.cpp
e:\gameloft\programming_anim\programming_anim\trainingframework\src\gamestates\gspausemenu.cpp(34): warning C4244: 'argument': conversion from 'int' to 'GLfloat', possible loss of data
e:\gameloft\programming_anim\programming_anim\trainingframework\src\gamestates\gspausemenu.cpp(39): warning C4244: 'argument': conversion from 'int' to 'GLfloat', possible loss of data
e:\gameloft\programming_anim\programming_anim\trainingframework\src\gamestates\gspausemenu.cpp(48): warning C4244: 'argument': conversion from 'int' to 'GLfloat', possible loss of data
e:\gameloft\programming_anim\programming_anim\trainingframework\src\gamestates\gspausemenu.cpp(57): warning C4244: 'argument': conversion from 'int' to 'GLfloat', possible loss of data
  GSMenu.cpp
e:\gameloft\programming_anim\programming_anim\trainingframework\src\gamestates\gsmenu.cpp(26): warning C4244: 'argument': conversion from 'int' to 'GLfloat', possible loss of data
e:\gameloft\programming_anim\programming_anim\trainingframework\src\gamestates\gsmenu.cpp(32): warning C4244: 'argument': conversion from 'int' to 'GLfloat', possible loss of data
e:\gameloft\programming_anim\programming_anim\trainingframework\src\gamestates\gsmenu.cpp(41): warning C4244: 'argument': conversion from 'int' to 'GLfloat', possible loss of data
e:\gameloft\programming_anim\programming_anim\trainingframework\src\gamestates\gsmenu.cpp(50): warning C4244: 'argument': conversion from 'int' to 'GLfloat', possible loss of data
  GSIntro.cpp
e:\gameloft\programming_anim\programming_anim\trainingframework\src\gamestates\gsintro.cpp(27): warning C4244: 'argument': conversion from 'int' to 'GLfloat', possible loss of data
  GameStatebase.cpp
  Text.cpp
e:\gameloft\programming_anim\programming_anim\trainingframework\src\gameobject\text.cpp(24): warning C4244: 'initializing': conversion from 'double' to 'float', possible loss of data
e:\gameloft\programming_anim\programming_anim\trainingframework\src\gameobject\text.cpp(25): warning C4244: 'initializing': conversion from 'double' to 'float', possible loss of data
e:\gameloft\programming_anim\programming_anim\trainingframework\src\gameobject\text.cpp(176): warning C4244: 'initializing': conversion from 'double' to 'float', possible loss of data
e:\gameloft\programming_anim\programming_anim\trainingframework\src\gameobject\text.cpp(177): warning C4244: 'initializing': conversion from 'double' to 'float', possible loss of data
e:\gameloft\programming_anim\programming_anim\trainingframework\src\gameobject\text.cpp(187): warning C4244: 'initializing': conversion from 'double' to 'float', possible loss of data
e:\gameloft\programming_anim\programming_anim\trainingframework\src\gameobject\text.cpp(188): warning C4244: 'initializing': conversion from 'double' to 'float', possible loss of data
  GameButton.cpp
  Card.cpp
  Generating Code...
  Compiling...
  GameStateMachine.cpp
  Application.cpp
  Generating Code...
  Skipping... (no relevant changes detected)
  ResourceManagers.cpp
LINK : fatal error LNK1104: cannot open file 'E:\gameloft\Programming_anim\Programming_anim\freetype\objs\vc2010\x64\freetype254d.lib'
